<?xml version="1.0" encoding="utf-8"?><testsuites name="pytest tests"><testsuite name="pytest" errors="0" failures="0" skipped="0" tests="24" time="4.745" timestamp="2026-05-20T11:28:22.058731+00:00" hostname="agent-env-883af109-46f6-41c7-b2c0-06971871bc91"><testcase classname="backend.tests.test_iter9_reviews_blog_analytics.TestReviews" name="test_submit_review_valid" time="0.402" /><testcase classname="backend.tests.test_iter9_reviews_blog_analytics.TestReviews" name="test_submit_review_duplicate_name" time="0.121" /><testcase classname="backend.tests.test_iter9_reviews_blog_analytics.TestReviews" name="test_submit_review_invalid_rating_low" time="0.107" /><testcase classname="backend.tests.test_iter9_reviews_blog_analytics.TestReviews" name="test_submit_review_invalid_rating_high" time="0.139" /><testcase classname="backend.tests.test_iter9_reviews_blog_analytics.TestReviews" name="test_get_product_reviews_shape" time="0.123" /><testcase classname="backend.tests.test_iter9_reviews_blog_analytics.TestReviews" name="test_admin_list_reviews_pending" time="0.436" /><testcase classname="backend.tests.test_iter9_reviews_blog_analytics.TestReviews" name="test_admin_list_reviews_no_auth" time="0.107" /><testcase classname="backend.tests.test_iter9_reviews_blog_analytics.TestReviews" name="test_admin_approve_review_appears_public" time="0.212" /><testcase classname="backend.tests.test_iter9_reviews_blog_analytics.TestReviews" name="test_admin_toggle_featured" time="0.112" /><testcase classname="backend.tests.test_iter9_reviews_blog_analytics.TestReviews" name="test_admin_delete_review" time="0.207" /><testcase classname="backend.tests.test_iter9_reviews_blog_analytics.TestCouponAnalytics" name="test_analytics_default_30d" time="0.102" /><testcase classname="backend.tests.test_iter9_reviews_blog_analytics.TestCouponAnalytics" name="test_analytics_window[7]" time="0.123" /><testcase classname="backend.tests.test_iter9_reviews_blog_analytics.TestCouponAnalytics" name="test_analytics_window[90]" time="0.111" /><testcase classname="backend.tests.test_iter9_reviews_blog_analytics.TestCouponAnalytics" name="test_analytics_window[365]" time="0.106" /><testcase classname="backend.tests.test_iter9_reviews_blog_analytics.TestCouponAnalytics" name="test_analytics_requires_auth" time="0.110" /><testcase classname="backend.tests.test_iter9_reviews_blog_analytics.TestBlog" name="test_admin_create_published" time="0.107" /><testcase classname="backend.tests.test_iter9_reviews_blog_analytics.TestBlog" name="test_admin_create_duplicate_slug" time="0.106" /><testcase classname="backend.tests.test_iter9_reviews_blog_analytics.TestBlog" name="test_public_blog_list_only_published" time="0.117" /><testcase classname="backend.tests.test_iter9_reviews_blog_analytics.TestBlog" name="test_public_blog_get_with_related" time="0.108" /><testcase classname="backend.tests.test_iter9_reviews_blog_analytics.TestBlog" name="test_admin_update_blog" time="0.113" /><testcase classname="backend.tests.test_iter9_reviews_blog_analytics.TestBlog" name="test_admin_delete_blog" time="0.310" /><testcase classname="backend.tests.test_iter9_reviews_blog_analytics.TestBlog" name="test_get_dev_existing_blog_slug" time="0.106" /><testcase classname="backend.tests.test_iter9_reviews_blog_analytics.TestRegression" name="test_health" time="0.128" /><testcase classname="backend.tests.test_iter9_reviews_blog_analytics.TestRegression" name="test_orders_create_returns_valid_id" time="1.032" /></testsuite></testsuites>