<?xml version="1.0" encoding="utf-8"?><testsuites name="pytest tests"><testsuite name="pytest" errors="0" failures="0" skipped="0" tests="13" time="5.920" timestamp="2026-05-20T11:02:23.661842+00:00" hostname="agent-env-883af109-46f6-41c7-b2c0-06971871bc91"><testcase classname="backend.tests.test_iter8_prod_hardening" name="test_health" time="0.160" /><testcase classname="backend.tests.test_iter8_prod_hardening" name="test_orders_create_returns_razorpay_order_id" time="0.939" /><testcase classname="backend.tests.test_iter8_prod_hardening" name="test_webhook_rejects_bad_signature" time="0.136" /><testcase classname="backend.tests.test_iter8_prod_hardening" name="test_webhook_rejects_missing_signature" time="0.316" /><testcase classname="backend.tests.test_iter8_prod_hardening" name="test_webhook_payment_captured_updates_order_and_dedup" time="0.216" /><testcase classname="backend.tests.test_iter8_prod_hardening" name="test_webhook_payment_failed_updates_order" time="0.128" /><testcase classname="backend.tests.test_iter8_prod_hardening" name="test_send_otp_rejects_non_indian" time="0.104" /><testcase classname="backend.tests.test_iter8_prod_hardening" name="test_send_otp_rejects_starting_5" time="0.121" /><testcase classname="backend.tests.test_iter8_prod_hardening" name="test_send_otp_valid_indian_and_rate_limit" time="2.555" /><testcase classname="backend.tests.test_iter8_prod_hardening" name="test_verify_otp_with_seeded_record" time="0.126" /><testcase classname="backend.tests.test_iter8_prod_hardening" name="test_verify_otp_invalid" time="0.110" /><testcase classname="backend.tests.test_iter8_prod_hardening" name="test_admin_upload_multifile" time="0.752" /><testcase classname="backend.tests.test_iter8_prod_hardening" name="test_admin_upload_rejects_bad_mime" time="0.114" /></testsuite></testsuites>