<?xml version="1.0" encoding="utf-8"?><testsuites name="pytest tests"><testsuite name="pytest" errors="0" failures="1" skipped="0" tests="12" time="3.576" timestamp="2026-05-12T08:06:44.711505+00:00" hostname="agent-env-883af109-46f6-41c7-b2c0-06971871bc91"><testcase classname="backend.tests.test_multi_image_upload.TestUploadAuth" name="test_upload_requires_auth" time="0.272" /><testcase classname="backend.tests.test_multi_image_upload.TestUpload" name="test_upload_single_png" time="0.584" /><testcase classname="backend.tests.test_multi_image_upload.TestUpload" name="test_upload_multiple" time="0.518" /><testcase classname="backend.tests.test_multi_image_upload.TestUpload" name="test_upload_rejects_unsupported_mime" time="0.176" /><testcase classname="backend.tests.test_multi_image_upload.TestUpload" name="test_upload_rejects_oversize" time="0.379" /><testcase classname="backend.tests.test_multi_image_upload.TestFileServe" name="test_serve_uploaded_image" time="0.226" /><testcase classname="backend.tests.test_multi_image_upload.TestFileServe" name="test_serve_nonexistent_file" time="0.111" /><testcase classname="backend.tests.test_multi_image_upload.TestProductImages" name="test_create_product_with_images" time="0.176" /><testcase classname="backend.tests.test_multi_image_upload.TestProductImages" name="test_get_created_product_persists" time="0.104" /><testcase classname="backend.tests.test_multi_image_upload.TestProductImages" name="test_update_product_changes_primary" time="0.124" /><testcase classname="backend.tests.test_multi_image_upload.TestProductImages" name="test_create_product_legacy_image_only" time="0.207" /><testcase classname="backend.tests.test_multi_image_upload.TestProductImages" name="test_seed_products_have_images_array" time="0.606"><failure message="AssertionError: Product prod-1e507eee missing 'images' field&#10;assert 'images' in {'category': '', 'created_at': '2026-04-16T09:52:32.952277+00:00', 'description': '', 'faqs': [], ...}">backend/tests/test_multi_image_upload.py:219: in test_seed_products_have_images_array
    assert "images" in p, f"Product {p.get('id')} missing 'images' field"
E   AssertionError: Product prod-1e507eee missing 'images' field
E   assert 'images' in {'category': '', 'created_at': '2026-04-16T09:52:32.952277+00:00', 'description': '', 'faqs': [], ...}</failure></testcase></testsuite></testsuites>